<?xml version="1.0" encoding="UTF-8"?>
<!-- Generated by org.testng.reporters.JUnitReportReporter -->
<testsuite skipped="0" hostname="Anag-PC" name="TestNG.ShoppingCartTestCases" tests="1" failures="0" timestamp="2020-05-22T17:02:39 IST" time="30.825" errors="0">
  <testcase name="EmptyCart" time="30.825" classname="TestNG.ShoppingCartTestCases"/>
  <system-out/>
</testsuite> <!-- TestNG.ShoppingCartTestCases -->
