<?xml version="1.0" encoding="UTF-8"?>
<!-- Generated by org.testng.reporters.JUnitReportReporter -->
<testsuite skipped="0" hostname="Anag-PC" name="TestNG.LoginTestCases" tests="1" failures="0" timestamp="2020-05-22T16:48:40 IST" time="24.027" errors="0">
  <testcase name="LoginFlipkart" time="24.027" classname="TestNG.LoginTestCases"/>
  <system-out/>
</testsuite> <!-- TestNG.LoginTestCases -->
