<?xml version="1.0" encoding="UTF-8"?>
<!-- Generated by org.testng.reporters.JUnitReportReporter -->
<testsuite skipped="0" hostname="Anag-PC" name="TestNG.LoginTest" tests="1" failures="0" timestamp="2020-05-22T00:01:23 IST" time="78.693" errors="0">
  <testcase name="f" time="78.693" classname="TestNG.LoginTest"/>
  <system-out/>
</testsuite> <!-- TestNG.LoginTest -->
